Using pre-set license
Built from '2020.3/release' branch; Version is '2020.3.12f1 (b3b2c6512326) revision 11776710'; Using compiler version '192528614'; Build Type 'Release'
OS: 'Windows 10 Home; OS build 19043.2006; Version 2009; 64bit' Language: 'ko' Physical Memory: 24285 MB
BatchMode: 1, IsHumanControllingUs: 0, StartBugReporterOnCrash: 0, Is64bit: 1, IsPro: 0

 COMMAND LINE ARGUMENTS:
C:\Program Files\Unity\Hub\Editor\2020.3.12f1\Editor\Unity.exe
-adb2
-batchMode
-noUpm
-name
AssetImportWorker0
-projectPath
C:/게임엔진/UIUX_과제
-logFile
Logs/AssetImportWorker0.log
-srvPort
54474
Successfully changed project path to: C:/게임엔진/UIUX_과제
C:/게임엔진/UIUX_과제
Using Asset Import Pipeline V2.
Refreshing native plugins compatible for Editor in 72.89 ms, found 3 plugins.
Preloading 0 native plugins for Editor in 0.00 ms.
Initialize engine version: 2020.3.12f1 (b3b2c6512326)
[Subsystems] Discovering subsystems at path C:/Program Files/Unity/Hub/Editor/2020.3.12f1/Editor/Data/Resources/UnitySubsystems
[Subsystems] Discovering subsystems at path C:/게임엔진/UIUX_과제/Assets
GfxDevice: creating device client; threaded=0
Direct3D:
    Version:  Direct3D 11.0 [level 11.1]
    Renderer: Intel(R) Iris(R) Plus Graphics (ID=0x8a52)
    Vendor:   
    VRAM:     12142 MB
    Driver:   27.20.100.9510
Initialize mono
Mono path[0] = 'C:/Program Files/Unity/Hub/Editor/2020.3.12f1/Editor/Data/Managed'
Mono path[1] = 'C:/Program Files/Unity/Hub/Editor/2020.3.12f1/Editor/Data/MonoBleedingEdge/lib/mono/unityjit'
Mono config path = 'C:/Program Files/Unity/Hub/Editor/2020.3.12f1/Editor/Data/MonoBleedingEdge/etc'
Using monoOptions --debugger-agent=transport=dt_socket,embedding=1,server=y,suspend=n,address=127.0.0.1:56980
Begin MonoManager ReloadAssembly
Registering precompiled unity dll's ...
Register platform support module: C:/Program Files/Unity/Hub/Editor/2020.3.12f1/Editor/Data/PlaybackEngines/WindowsStandaloneSupport/UnityEditor.WindowsStandalone.Extensions.dll
Registered in 0.004207 seconds.
Native extension for WindowsStandalone target not found
Refreshing native plugins compatible for Editor in 68.60 ms, found 3 plugins.
Preloading 0 native plugins for Editor in 0.00 ms.
Mono: successfully reloaded assembly
- Completed reload, in  4.237 seconds
Platform modules already initialized, skipping
Registering precompiled user dll's ...
Registered in 0.014487 seconds.
Begin MonoManager ReloadAssembly
Native extension for WindowsStandalone target not found
Refreshing native plugins compatible for Editor in 68.91 ms, found 3 plugins.
Preloading 0 native plugins for Editor in 0.00 ms.
Mono: successfully reloaded assembly
- Completed reload, in  2.020 seconds
Platform modules already initialized, skipping
========================================================================
Worker process is ready to serve import requests
Launched and connected shader compiler UnityShaderCompiler.exe after 0.06 seconds
Refreshing native plugins compatible for Editor in 0.98 ms, found 3 plugins.
Preloading 0 native plugins for Editor in 0.00 ms.
Unloading 2124 Unused Serialized files (Serialized files now loaded: 0)
System memory in use before: 96.8 MB.
System memory in use after: 96.8 MB.

Unloading 33 unused Assets to reduce memory usage. Loaded Objects now: 2560.
Total: 4.365000 ms (FindLiveObjects: 0.167300 ms CreateObjectMapping: 0.062100 ms MarkObjects: 3.783100 ms  DeleteObjects: 0.349900 ms)

AssetImportParameters requested are different than current active one (requested -> active):
  custom:framework-win-MediaFoundation: 216162199b28c13a410421893ffa2e32 -> 
  custom:video-decoder-ogg-theora: a1e56fd34408186e4bbccfd4996cb3dc -> 
  custom:container-muxer-webm: aa71ff27fc2769a1b78a27578f13a17b -> 
  custom:container-demuxer-webm: 4f35f7cbe854078d1ac9338744f61a02 -> 
  custom:container-demuxer-ogg: 62fdf1f143b41e24485cea50d1cbac27 -> 
  custom:video-encoder-webm-vp8: eb34c28f22e8b96e1ab97ce403110664 -> 
  custom:video-decoder-webm-vp8: 9c59270c3fd7afecdb556c50c9e8de78 -> 
  custom:audio-decoder-ogg-vorbis: bf7c407c2cedff20999df2af8eb42d56 -> 
  custom:audio-encoder-webm-vorbis: bf7c407c2cedff20999df2af8eb42d56 -> 
========================================================================
Received Import Request.
  path: Assets/Simple Scroll-Snap/Examples
  artifactKey: Guid(c0497846cf4bccd4b9671f03c726939a) Importer(815301076,1909f56bfc062723c751e8b465ee728b)
Start importing Assets/Simple Scroll-Snap/Examples using Guid(c0497846cf4bccd4b9671f03c726939a) Importer(815301076,1909f56bfc062723c751e8b465ee728b)  -> (artifact id: '0a9b7d165e764889458cc2673dba787d') in 0.017532 seconds 
  Import took 0.024370 seconds .

========================================================================
Received Import Request.
  Time since last request: 52.338033 seconds.
  path: Assets/Simple Scroll-Snap/Examples/Example 1 (macOS Finder)/Scripts
  artifactKey: Guid(11fe587cc65bdcf4ca5046172c5562a3) Importer(815301076,1909f56bfc062723c751e8b465ee728b)
Start importing Assets/Simple Scroll-Snap/Examples/Example 1 (macOS Finder)/Scripts using Guid(11fe587cc65bdcf4ca5046172c5562a3) Importer(815301076,1909f56bfc062723c751e8b465ee728b)  -> (artifact id: '2a835acec210739da1c663cd1317f219') in 0.016201 seconds 
  Import took 0.023148 seconds .

========================================================================
Received Import Request.
  Time since last request: 20.748194 seconds.
  path: Assets/Simple Scroll-Snap/Examples/Example 3 (Slot Machine)/Sprites/Casino Background.png
  artifactKey: Guid(1d9f629b998d7754eb2e5debba20cd1d) Importer(815301076,1909f56bfc062723c751e8b465ee728b)
Start importing Assets/Simple Scroll-Snap/Examples/Example 3 (Slot Machine)/Sprites/Casino Background.png using Guid(1d9f629b998d7754eb2e5debba20cd1d) Importer(815301076,1909f56bfc062723c751e8b465ee728b)  -> (artifact id: '92f94621ffe1fa7731ebb6e78a0052ea') in 0.173967 seconds 
  Import took 0.178605 seconds .

========================================================================
Received Import Request.
  Time since last request: 0.000371 seconds.
  path: Assets/Simple Scroll-Snap/Scripts/Plugins/SimpleInspectorAttributes/Editor/SimpleInspectorAttributesEditor.asmdef
  artifactKey: Guid(4a74913cddc5db24e9d7fabf437f0d8f) Importer(815301076,1909f56bfc062723c751e8b465ee728b)
Start importing Assets/Simple Scroll-Snap/Scripts/Plugins/SimpleInspectorAttributes/Editor/SimpleInspectorAttributesEditor.asmdef using Guid(4a74913cddc5db24e9d7fabf437f0d8f) Importer(815301076,1909f56bfc062723c751e8b465ee728b)  -> (artifact id: '4148b8ebce050bd049e3c52795429d48') in 0.016603 seconds 
  Import took 0.020792 seconds .

========================================================================
Received Import Request.
  Time since last request: 0.000362 seconds.
  path: Assets/Simple Scroll-Snap/Scripts/Core/Editor/SimpleScrollSnapEditor.asmdef
  artifactKey: Guid(87939effc07907747877738de1e9526a) Importer(815301076,1909f56bfc062723c751e8b465ee728b)
Start importing Assets/Simple Scroll-Snap/Scripts/Core/Editor/SimpleScrollSnapEditor.asmdef using Guid(87939effc07907747877738de1e9526a) Importer(815301076,1909f56bfc062723c751e8b465ee728b)  -> (artifact id: '9db7ee3d0b7f850e30d7bb56749b6681') in 0.012905 seconds 
  Import took 0.017719 seconds .

========================================================================
Received Import Request.
  Time since last request: 0.000314 seconds.
  path: Assets/Simple Scroll-Snap/Scripts/Plugins/SimpleInspectorAttributes/SimpleInspectorAttributes.asmdef
  artifactKey: Guid(12118caebfe178849a046b8f7807f49c) Importer(815301076,1909f56bfc062723c751e8b465ee728b)
Start importing Assets/Simple Scroll-Snap/Scripts/Plugins/SimpleInspectorAttributes/SimpleInspectorAttributes.asmdef using Guid(12118caebfe178849a046b8f7807f49c) Importer(815301076,1909f56bfc062723c751e8b465ee728b)  -> (artifact id: '7a23b4c3e6d94e215c8dce58203c8ce6') in 0.012801 seconds 
  Import took 0.018486 seconds .

========================================================================
Received Import Request.
  Time since last request: 0.000564 seconds.
  path: Assets/Simple Scroll-Snap/Examples/Example 1 (macOS Finder)/Sprites/Songs/“Single Ladies (Put a Ring on It)” by Beyoncé.png
  artifactKey: Guid(a90c92ab62d4d7546ba6a6d2a09227db) Importer(815301076,1909f56bfc062723c751e8b465ee728b)
Start importing Assets/Simple Scroll-Snap/Examples/Example 1 (macOS Finder)/Sprites/Songs/“Single Ladies (Put a Ring on It)” by Beyoncé.png using Guid(a90c92ab62d4d7546ba6a6d2a09227db) Importer(815301076,1909f56bfc062723c751e8b465ee728b)  -> (artifact id: '634e9882386b4eac971ab606e87d9d8f') in 0.030916 seconds 
  Import took 0.038621 seconds .

========================================================================
Received Import Request.
  Time since last request: 2.639636 seconds.
  path: Assets/Simple Scroll-Snap/Scripts/Core/Editor/SimpleScrollSnapEditor.cs
  artifactKey: Guid(49ae40c6b4f608b4c8fb444da3a2d364) Importer(815301076,1909f56bfc062723c751e8b465ee728b)
Start importing Assets/Simple Scroll-Snap/Scripts/Core/Editor/SimpleScrollSnapEditor.cs using Guid(49ae40c6b4f608b4c8fb444da3a2d364) Importer(815301076,1909f56bfc062723c751e8b465ee728b)  -> (artifact id: 'c6ae7b80fda0514e70d27d3067695a9c') in 0.017889 seconds 
  Import took 0.030500 seconds .

========================================================================
Received Import Request.
  Time since last request: 0.001258 seconds.
  path: Assets/Simple Scroll-Snap/Scripts/Core/Editor/SimpleScrollSnapEditor.cs
  artifactKey: Guid(49ae40c6b4f608b4c8fb444da3a2d364) Importer(815301076,1909f56bfc062723c751e8b465ee728b)
Start importing Assets/Simple Scroll-Snap/Scripts/Core/Editor/SimpleScrollSnapEditor.cs using Guid(49ae40c6b4f608b4c8fb444da3a2d364) Importer(815301076,1909f56bfc062723c751e8b465ee728b)  -> (artifact id: 'c6ae7b80fda0514e70d27d3067695a9c') in 0.009465 seconds 
  Import took 0.017667 seconds .

========================================================================
Received Import Request.
  Time since last request: 3.342511 seconds.
  path: Assets/Simple Scroll-Snap/Scripts/Core/Runtime/Behaviours/SimpleScrollSnap.cs
  artifactKey: Guid(54aaa385a9b88e84e9d50b9804aaa24e) Importer(815301076,1909f56bfc062723c751e8b465ee728b)
Start importing Assets/Simple Scroll-Snap/Scripts/Core/Runtime/Behaviours/SimpleScrollSnap.cs using Guid(54aaa385a9b88e84e9d50b9804aaa24e) Importer(815301076,1909f56bfc062723c751e8b465ee728b)  -> (artifact id: '755b76a13919933ed4b1d142f9437b36') in 0.022856 seconds 
  Import took 0.033311 seconds .

========================================================================
Received Import Request.
  Time since last request: 0.008771 seconds.
  path: Assets/Simple Scroll-Snap/Scripts/Core/Runtime/Behaviours/SimpleScrollSnap.cs
  artifactKey: Guid(54aaa385a9b88e84e9d50b9804aaa24e) Importer(815301076,1909f56bfc062723c751e8b465ee728b)
Start importing Assets/Simple Scroll-Snap/Scripts/Core/Runtime/Behaviours/SimpleScrollSnap.cs using Guid(54aaa385a9b88e84e9d50b9804aaa24e) Importer(815301076,1909f56bfc062723c751e8b465ee728b)  -> (artifact id: '755b76a13919933ed4b1d142f9437b36') in 0.010353 seconds 
  Import took 0.020223 seconds .

========================================================================
Received Prepare
Registering precompiled user dll's ...
Registered in 0.022793 seconds.
Begin MonoManager ReloadAssembly
Native extension for WindowsStandalone target not found
Refreshing native plugins compatible for Editor in 0.69 ms, found 3 plugins.
Preloading 0 native plugins for Editor in 0.00 ms.
Mono: successfully reloaded assembly
- Completed reload, in  2.409 seconds
Platform modules already initialized, skipping
Refreshing native plugins compatible for Editor in 0.83 ms, found 3 plugins.
Preloading 0 native plugins for Editor in 0.00 ms.
Unloading 2117 Unused Serialized files (Serialized files now loaded: 0)
System memory in use before: 99.5 MB.
System memory in use after: 99.5 MB.

Unloading 21 unused Assets to reduce memory usage. Loaded Objects now: 2572.
Total: 2.817700 ms (FindLiveObjects: 0.150000 ms CreateObjectMapping: 0.059100 ms MarkObjects: 2.453300 ms  DeleteObjects: 0.154000 ms)

AssetImportParameters requested are different than current active one (requested -> active):
  custom:framework-win-MediaFoundation: 216162199b28c13a410421893ffa2e32 -> 
  custom:video-decoder-ogg-theora: a1e56fd34408186e4bbccfd4996cb3dc -> 
  custom:container-muxer-webm: aa71ff27fc2769a1b78a27578f13a17b -> 
  custom:container-demuxer-webm: 4f35f7cbe854078d1ac9338744f61a02 -> 
  custom:container-demuxer-ogg: 62fdf1f143b41e24485cea50d1cbac27 -> 
  custom:video-encoder-webm-vp8: eb34c28f22e8b96e1ab97ce403110664 -> 
  custom:video-decoder-webm-vp8: 9c59270c3fd7afecdb556c50c9e8de78 -> 
  custom:audio-decoder-ogg-vorbis: bf7c407c2cedff20999df2af8eb42d56 -> 
  custom:audio-encoder-webm-vorbis: bf7c407c2cedff20999df2af8eb42d56 -> 
========================================================================
Received Import Request.
  Time since last request: 746.488022 seconds.
  path: Assets/Scenes/HomeScene.unity
  artifactKey: Guid(700d1aa6fe5e6f44cac2df6b9ae56ef1) Importer(815301076,1909f56bfc062723c751e8b465ee728b)
Start importing Assets/Scenes/HomeScene.unity using Guid(700d1aa6fe5e6f44cac2df6b9ae56ef1) Importer(815301076,1909f56bfc062723c751e8b465ee728b)  -> (artifact id: '1c23c4571402aecc06194a00b9ac7106') in 0.029827 seconds 
  Import took 0.044859 seconds .

========================================================================
Received Prepare
Registering precompiled user dll's ...
Registered in 0.010926 seconds.
Begin MonoManager ReloadAssembly
Native extension for WindowsStandalone target not found
Refreshing native plugins compatible for Editor in 0.42 ms, found 3 plugins.
Preloading 0 native plugins for Editor in 0.00 ms.
Mono: successfully reloaded assembly
- Completed reload, in  1.851 seconds
Platform modules already initialized, skipping
Refreshing native plugins compatible for Editor in 0.61 ms, found 3 plugins.
Preloading 0 native plugins for Editor in 0.00 ms.
Unloading 2117 Unused Serialized files (Serialized files now loaded: 0)
System memory in use before: 99.6 MB.
System memory in use after: 99.6 MB.

Unloading 21 unused Assets to reduce memory usage. Loaded Objects now: 2576.
Total: 3.143500 ms (FindLiveObjects: 0.161300 ms CreateObjectMapping: 0.109500 ms MarkObjects: 2.742500 ms  DeleteObjects: 0.128900 ms)

AssetImportParameters requested are different than current active one (requested -> active):
  custom:framework-win-MediaFoundation: 216162199b28c13a410421893ffa2e32 -> 
  custom:video-decoder-ogg-theora: a1e56fd34408186e4bbccfd4996cb3dc -> 
  custom:container-muxer-webm: aa71ff27fc2769a1b78a27578f13a17b -> 
  custom:container-demuxer-webm: 4f35f7cbe854078d1ac9338744f61a02 -> 
  custom:container-demuxer-ogg: 62fdf1f143b41e24485cea50d1cbac27 -> 
  custom:video-encoder-webm-vp8: eb34c28f22e8b96e1ab97ce403110664 -> 
  custom:video-decoder-webm-vp8: 9c59270c3fd7afecdb556c50c9e8de78 -> 
  custom:audio-decoder-ogg-vorbis: bf7c407c2cedff20999df2af8eb42d56 -> 
  custom:audio-encoder-webm-vorbis: bf7c407c2cedff20999df2af8eb42d56 -> 
========================================================================
Received Prepare
Registering precompiled user dll's ...
Registered in 0.010956 seconds.
Begin MonoManager ReloadAssembly
Native extension for WindowsStandalone target not found
Refreshing native plugins compatible for Editor in 0.90 ms, found 3 plugins.
Preloading 0 native plugins for Editor in 0.00 ms.
Mono: successfully reloaded assembly
- Completed reload, in  1.777 seconds
Platform modules already initialized, skipping
Refreshing native plugins compatible for Editor in 0.62 ms, found 3 plugins.
Preloading 0 native plugins for Editor in 0.00 ms.
Unloading 2117 Unused Serialized files (Serialized files now loaded: 0)
System memory in use before: 99.6 MB.
System memory in use after: 99.6 MB.

Unloading 21 unused Assets to reduce memory usage. Loaded Objects now: 2580.
Total: 2.652800 ms (FindLiveObjects: 0.152900 ms CreateObjectMapping: 0.059100 ms MarkObjects: 2.315200 ms  DeleteObjects: 0.123900 ms)

AssetImportParameters requested are different than current active one (requested -> active):
  custom:framework-win-MediaFoundation: 216162199b28c13a410421893ffa2e32 -> 
  custom:video-decoder-ogg-theora: a1e56fd34408186e4bbccfd4996cb3dc -> 
  custom:container-muxer-webm: aa71ff27fc2769a1b78a27578f13a17b -> 
  custom:container-demuxer-webm: 4f35f7cbe854078d1ac9338744f61a02 -> 
  custom:container-demuxer-ogg: 62fdf1f143b41e24485cea50d1cbac27 -> 
  custom:video-encoder-webm-vp8: eb34c28f22e8b96e1ab97ce403110664 -> 
  custom:video-decoder-webm-vp8: 9c59270c3fd7afecdb556c50c9e8de78 -> 
  custom:audio-decoder-ogg-vorbis: bf7c407c2cedff20999df2af8eb42d56 -> 
  custom:audio-encoder-webm-vorbis: bf7c407c2cedff20999df2af8eb42d56 -> 
AssetImportWorkerClient::OnTransportError - code=2 error=End of file
